This is pdfTeX, Version 3.14159265-2.6-1.40.20 (TeX Live 2019/Debian) (preloaded format=pdflatex 2021.5.31)  30 SEP 2021 18:23
entering extended mode
 restricted \write18 enabled.
 %&-line parsing enabled.
**main.tex
(./main.tex
LaTeX2e <2020-02-02> patch level 2
L3 programming layer <2020-02-14> (./preamble.tex
(/usr/share/texlive/texmf-dist/tex/latex/base/article.cls
Document Class: article 2019/12/20 v1.4l Standard LaTeX document class
(/usr/share/texlive/texmf-dist/tex/latex/base/size12.clo
File: size12.clo 2019/12/20 v1.4l Standard LaTeX file (size option)
)
\c@part=\count167
\c@section=\count168
\c@subsection=\count169
\c@subsubsection=\count170
\c@paragraph=\count171
\c@subparagraph=\count172
\c@figure=\count173
\c@table=\count174
\abovecaptionskip=\skip47
\belowcaptionskip=\skip48
\bibindent=\dimen134
)
(/usr/share/texlive/texmf-dist/tex/latex/geometry/geometry.sty
Package: geometry 2020/01/02 v5.9 Page Geometry

(/usr/share/texlive/texmf-dist/tex/latex/graphics/keyval.sty
Package: keyval 2014/10/28 v1.15 key=value parser (DPC)
\KV@toks@=\toks14
)
(/usr/share/texlive/texmf-dist/tex/generic/iftex/ifvtex.sty
Package: ifvtex 2019/10/25 v1.7 ifvtex legacy package. Use iftex instead.

(/usr/share/texlive/texmf-dist/tex/generic/iftex/iftex.sty
Package: iftex 2019/11/07 v1.0c TeX engine tests
))
\Gm@cnth=\count175
\Gm@cntv=\count176
\c@Gm@tempcnt=\count177
\Gm@bindingoffset=\dimen135
\Gm@wd@mp=\dimen136
\Gm@odd@mp=\dimen137
\Gm@even@mp=\dimen138
\Gm@layoutwidth=\dimen139
\Gm@layoutheight=\dimen140
\Gm@layouthoffset=\dimen141
\Gm@layoutvoffset=\dimen142
\Gm@dimlist=\toks15
)
(/usr/share/texlive/texmf-dist/tex/latex/upquote/upquote.sty
Package: upquote 2012/04/19 v1.3 upright-quote and grave-accent glyphs in verba
tim
)
(/usr/share/texlive/texmf-dist/tex/latex/multirow/multirow.sty
Package: multirow 2019/05/31 v2.5 Span multiple rows of a table
\multirow@colwidth=\skip49
\multirow@cntb=\count178
\multirow@dima=\skip50
\bigstrutjot=\dimen143
)
(/usr/share/texlive/texmf-dist/tex/latex/amsmath/amsmath.sty
Package: amsmath 2020/01/20 v2.17e AMS math features
\@mathmargin=\skip51

For additional information on amsmath, use the `?' option.
(/usr/share/texlive/texmf-dist/tex/latex/amsmath/amstext.sty
Package: amstext 2000/06/29 v2.01 AMS text

(/usr/share/texlive/texmf-dist/tex/latex/amsmath/amsgen.sty
File: amsgen.sty 1999/11/30 v2.0 generic functions
\@emptytoks=\toks16
\ex@=\dimen144
))
(/usr/share/texlive/texmf-dist/tex/latex/amsmath/amsbsy.sty
Package: amsbsy 1999/11/29 v1.2d Bold Symbols
\pmbraise@=\dimen145
)
(/usr/share/texlive/texmf-dist/tex/latex/amsmath/amsopn.sty
Package: amsopn 2016/03/08 v2.02 operator names
)
\inf@bad=\count179
LaTeX Info: Redefining \frac on input line 227.
\uproot@=\count180
\leftroot@=\count181
LaTeX Info: Redefining \overline on input line 389.
\classnum@=\count182
\DOTSCASE@=\count183
LaTeX Info: Redefining \ldots on input line 486.
LaTeX Info: Redefining \dots on input line 489.
LaTeX Info: Redefining \cdots on input line 610.
\Mathstrutbox@=\box45
\strutbox@=\box46
\big@size=\dimen146
LaTeX Font Info:    Redeclaring font encoding OML on input line 733.
LaTeX Font Info:    Redeclaring font encoding OMS on input line 734.
\macc@depth=\count184
\c@MaxMatrixCols=\count185
\dotsspace@=\muskip16
\c@parentequation=\count186
\dspbrk@lvl=\count187
\tag@help=\toks17
\row@=\count188
\column@=\count189
\maxfields@=\count190
\andhelp@=\toks18
\eqnshift@=\dimen147
\alignsep@=\dimen148
\tagshift@=\dimen149
\tagwidth@=\dimen150
\totwidth@=\dimen151
\lineht@=\dimen152
\@envbody=\toks19
\multlinegap=\skip52
\multlinetaggap=\skip53
\mathdisplay@stack=\toks20
LaTeX Info: Redefining \[ on input line 2859.
LaTeX Info: Redefining \] on input line 2860.
)
(/usr/share/texlive/texmf-dist/tex/latex/amsfonts/amsfonts.sty
Package: amsfonts 2013/01/14 v3.01 Basic AMSFonts support
\symAMSa=\mathgroup4
\symAMSb=\mathgroup5
LaTeX Font Info:    Redeclaring math symbol \hbar on input line 98.
LaTeX Font Info:    Overwriting math alphabet `\mathfrak' in version `bold'
(Font)                  U/euf/m/n --> U/euf/b/n on input line 106.
)
(/usr/share/texlive/texmf-dist/tex/latex/tools/tabularx.sty
Package: tabularx 2020/01/15 v2.11c `tabularx' package (DPC)

(/usr/share/texlive/texmf-dist/tex/latex/tools/array.sty
Package: array 2019/08/31 v2.4l Tabular extension package (FMi)
\col@sep=\dimen153
\ar@mcellbox=\box47
\extrarowheight=\dimen154
\NC@list=\toks21
\extratabsurround=\skip54
\backup@length=\skip55
\ar@cellbox=\box48
)
\TX@col@width=\dimen155
\TX@old@table=\dimen156
\TX@old@col=\dimen157
\TX@target=\dimen158
\TX@delta=\dimen159
\TX@cols=\count191
\TX@ftn=\toks22
)
(/usr/share/texlive/texmf-dist/tex/latex/booktabs/booktabs.sty
Package: booktabs 2020/01/12 v1.61803398 Publication quality tables
\heavyrulewidth=\dimen160
\lightrulewidth=\dimen161
\cmidrulewidth=\dimen162
\belowrulesep=\dimen163
\belowbottomsep=\dimen164
\aboverulesep=\dimen165
\abovetopsep=\dimen166
\cmidrulesep=\dimen167
\cmidrulekern=\dimen168
\defaultaddspace=\dimen169
\@cmidla=\count192
\@cmidlb=\count193
\@aboverulesep=\dimen170
\@belowrulesep=\dimen171
\@thisruleclass=\count194
\@lastruleclass=\count195
\@thisrulewidth=\dimen172
)
(/usr/share/texlive/texmf-dist/tex/latex/caption/caption.sty
Package: caption 2020/01/03 v3.4h Customizing captions (AR)

(/usr/share/texlive/texmf-dist/tex/latex/caption/caption3.sty
Package: caption3 2020/01/03 v1.8h caption3 kernel (AR)
Package caption3 Info: TeX engine: e-TeX on input line 61.
\captionmargin=\dimen173
\captionmargin@=\dimen174
\captionwidth=\dimen175
\caption@tempdima=\dimen176
\caption@indent=\dimen177
\caption@parindent=\dimen178
\caption@hangindent=\dimen179
Package caption Info: Standard document class detected.
)
\c@caption@flags=\count196
\c@continuedfloat=\count197
)
(/usr/share/texlive/texmf-dist/tex/latex/placeins/placeins.sty
Package: placeins 2005/04/18  v 2.2
)
(/usr/share/texlive/texmf-dist/tex/latex/tools/afterpage.sty
Package: afterpage 2014/10/28 v1.08 After-Page Package (DPC)
\AP@output=\toks23
\AP@partial=\box49
\AP@footins=\box50
)
(/usr/share/texlive/texmf-dist/tex/generic/babel/babel.sty
Package: babel 2020/02/14 3.40 The Babel package

(/usr/share/texlive/texmf-dist/tex/generic/babel/switch.def
File: switch.def 2020/02/14 3.40 Babel switching mechanism
)
(/usr/share/texlive/texmf-dist/tex/generic/babel-english/english.ldf
Language: english 2017/06/06 v3.3r English support from the babel system

(/usr/share/texlive/texmf-dist/tex/generic/babel/babel.def
File: babel.def 2020/02/14 3.40 Babel common definitions
\babel@savecnt=\count198
\U@D=\dimen180

(/usr/share/texlive/texmf-dist/tex/generic/babel/txtbabel.def)
\bbl@readstream=\read2
\bbl@dirlevel=\count199
)
Package babel Info: \l@canadian = using hyphenrules for english
(babel)             (\language0) on input line 102.
Package babel Info: \l@australian = using hyphenrules for ukenglish
(babel)             (\language6) on input line 105.
Package babel Info: \l@newzealand = using hyphenrules for ukenglish
(babel)             (\language6) on input line 108.
))
(/usr/share/texlive/texmf-dist/tex/latex/cjk-ko/kotex.sty
Package: kotex 2015/04/19 v1.6 Korean TeX (ko.TeX)

(/usr/share/texlive/texmf-dist/tex/latex/kotex-utf/kotex.cfg)
(/usr/share/texlive/texmf-dist/tex/latex/kotex-utf/kotexutf.sty
Package: kotexutf 2015/07/18 v2.1.1 typesetting UTF-8 Korean documents

(/usr/share/texlive/texmf-dist/tex/latex/base/inputenc.sty
Package: inputenc 2018/08/11 v1.3c Input encoding file
\inpenc@prehook=\toks24
\inpenc@posthook=\toks25
)
(/usr/share/texlive/texmf-dist/tex/plain/kotex-plain/kotexutf-core.tex
\unih@ngulpoint=\count266
\dhucs@emph@raise=\dimen181
)
Now handling font encoding LUC ...
... processing UTF-8 mapping file for font encoding LUC

(/usr/share/texlive/texmf-dist/tex/latex/kotex-utf/lucenc.dfu
File: lucenc.dfu 2007/09/05 UTF-8 support for dhucs
   defining Unicode char U+00B7 (decimal 183)
   defining Unicode char U+2018 (decimal 8216)
   defining Unicode char U+2019 (decimal 8217)
   defining Unicode char U+201C (decimal 8220)
   defining Unicode char U+201D (decimal 8221)
   defining Unicode char U+3001 (decimal 12289)
   defining Unicode char U+3002 (decimal 12290)
   defining Unicode char U+3008 (decimal 12296)
   defining Unicode char U+3009 (decimal 12297)
   defining Unicode char U+300A (decimal 12298)
   defining Unicode char U+300B (decimal 12299)
   defining Unicode char U+300C (decimal 12300)
   defining Unicode char U+300D (decimal 12301)
   defining Unicode char U+300E (decimal 12302)
   defining Unicode char U+300F (decimal 12303)
   defining Unicode char U+3010 (decimal 12304)
   defining Unicode char U+3011 (decimal 12305)
   defining Unicode char U+3014 (decimal 12308)
   defining Unicode char U+3015 (decimal 12309)
   defining Unicode char U+3016 (decimal 12310)
   defining Unicode char U+3017 (decimal 12311)
   defining Unicode char U+3018 (decimal 12312)
   defining Unicode char U+3019 (decimal 12313)
   defining Unicode char U+301A (decimal 12314)
   defining Unicode char U+301B (decimal 12315)
   defining Unicode char U+FF01 (decimal 65281)
   defining Unicode char U+FF08 (decimal 65288)
   defining Unicode char U+FF09 (decimal 65289)
   defining Unicode char U+FF0C (decimal 65292)
   defining Unicode char U+FF0E (decimal 65294)
   defining Unicode char U+FF1A (decimal 65306)
   defining Unicode char U+FF1B (decimal 65307)
   defining Unicode char U+FF1C (decimal 65308)
   defining Unicode char U+FF1D (decimal 65309)
   defining Unicode char U+FF1E (decimal 65310)
   defining Unicode char U+FF1F (decimal 65311)
   defining Unicode char U+FF3B (decimal 65339)
   defining Unicode char U+FF3D (decimal 65341)
   defining Unicode char U+FF5B (decimal 65371)
   defining Unicode char U+FF5D (decimal 65373)
   defining Unicode char U+FF61 (decimal 65377)
   defining Unicode char U+FF62 (decimal 65378)
   defining Unicode char U+FF63 (decimal 65379)
   defining Unicode char U+FF64 (decimal 65380)
   defining Unicode char U+FF65 (decimal 65381)
)
\@josa=\count267
\josatoks=\toks26

(/usr/share/texlive/texmf-dist/tex/latex/cjk-ko/kolabels-utf.sty
Package: kolabels-utf 2015/03/20 v1.5 UTF-8 Hangul item labels
)))
(/usr/share/texlive/texmf-dist/tex/latex/float/float.sty
Package: float 2001/11/08 v1.3d Float enhancements (AL)
\c@float@type=\count268
\float@exts=\toks27
\float@box=\box51
\@float@everytoks=\toks28
\@floatcapt=\box52
)
(/usr/share/texlive/texmf-dist/tex/latex/base/textcomp.sty
Package: textcomp 2020/02/02 v2.0n Standard LaTeX package
)
(/usr/share/texlive/texmf-dist/tex/latex/tocloft/tocloft.sty
Package: tocloft 2017/08/31 v2.3i parameterised ToC, etc., typesetting
Package tocloft Info: The document has section divisions on input line 51.
\cftparskip=\skip56
\cftbeforetoctitleskip=\skip57
\cftaftertoctitleskip=\skip58
\cftbeforepartskip=\skip59
\cftpartnumwidth=\skip60
\cftpartindent=\skip61
\cftbeforesecskip=\skip62
\cftsecindent=\skip63
\cftsecnumwidth=\skip64
\cftbeforesubsecskip=\skip65
\cftsubsecindent=\skip66
\cftsubsecnumwidth=\skip67
\cftbeforesubsubsecskip=\skip68
\cftsubsubsecindent=\skip69
\cftsubsubsecnumwidth=\skip70
\cftbeforeparaskip=\skip71
\cftparaindent=\skip72
\cftparanumwidth=\skip73
\cftbeforesubparaskip=\skip74
\cftsubparaindent=\skip75
\cftsubparanumwidth=\skip76
\cftbeforeloftitleskip=\skip77
\cftafterloftitleskip=\skip78
\cftbeforefigskip=\skip79
\cftfigindent=\skip80
\cftfignumwidth=\skip81
\c@lofdepth=\count269
\c@lotdepth=\count270
\cftbeforelottitleskip=\skip82
\cftafterlottitleskip=\skip83
\cftbeforetabskip=\skip84
\cfttabindent=\skip85
\cfttabnumwidth=\skip86
)
(/usr/share/texlive/texmf-dist/tex/generic/ulem/ulem.sty
\UL@box=\box53
\UL@hyphenbox=\box54
\UL@skip=\skip87
\UL@hook=\toks29
\UL@height=\dimen182
\UL@pe=\count271
\UL@pixel=\dimen183
\ULC@box=\box55
Package: ulem 2019/11/18
\ULdepth=\dimen184
)
(/usr/share/texlive/texmf-dist/tex/latex/enumitem/enumitem.sty
Package: enumitem 2019/06/20 v3.9 Customized lists
\labelindent=\skip88
\enit@outerparindent=\dimen185
\enit@toks=\toks30
\enit@inbox=\box56
\enit@count@id=\count272
\enitdp@description=\count273
)
(/usr/share/texlive/texmf-dist/tex/latex/algorithms/algorithm.sty
Package: algorithm 2009/08/24 v0.1 Document Style `algorithm' - floating enviro
nment

(/usr/share/texlive/texmf-dist/tex/latex/base/ifthen.sty
Package: ifthen 2014/09/29 v1.1c Standard LaTeX ifthen package (DPC)
)
\@float@every@algorithm=\toks31
\c@algorithm=\count274
)
(/usr/share/texlive/texmf-dist/tex/latex/algorithms/algorithmic.sty
Package: algorithmic 2009/08/24 v0.1 Document Style `algorithmic'
\c@ALC@unique=\count275
\c@ALC@line=\count276
\c@ALC@rem=\count277
\c@ALC@depth=\count278
\ALC@tlm=\skip89
\algorithmicindent=\skip90
)
(/usr/share/texlive/texmf-dist/tex/latex/setspace/setspace.sty
Package: setspace 2011/12/19 v6.7a set line spacing
)
\c@definition=\count279

(/usr/share/texlive/texmf-dist/tex/latex/biblatex/biblatex.sty
Package: biblatex 2019/12/01 v3.14 programmable bibliographies (PK/MW)

(/usr/share/texlive/texmf-dist/tex/latex/pdftexcmds/pdftexcmds.sty
Package: pdftexcmds 2019/11/24 v0.31 Utility functions of pdfTeX for LuaTeX (HO
)

(/usr/share/texlive/texmf-dist/tex/generic/infwarerr/infwarerr.sty
Package: infwarerr 2019/12/03 v1.5 Providing info/warning/error messages (HO)
)
(/usr/share/texlive/texmf-dist/tex/generic/ltxcmds/ltxcmds.sty
Package: ltxcmds 2019/12/15 v1.24 LaTeX kernel commands for general use (HO)
)
Package pdftexcmds Info: \pdf@primitive is available.
Package pdftexcmds Info: \pdf@ifprimitive is available.
Package pdftexcmds Info: \pdfdraftmode found.
)
(/usr/share/texlive/texmf-dist/tex/latex/etoolbox/etoolbox.sty
Package: etoolbox 2019/09/21 v2.5h e-TeX tools for LaTeX (JAW)
\etb@tempcnta=\count280
)
(/usr/share/texlive/texmf-dist/tex/latex/kvoptions/kvoptions.sty
Package: kvoptions 2019/11/29 v3.13 Key value format for package options (HO)

(/usr/share/texlive/texmf-dist/tex/generic/kvsetkeys/kvsetkeys.sty
Package: kvsetkeys 2019/12/15 v1.18 Key value parser (HO)
))
(/usr/share/texlive/texmf-dist/tex/latex/logreq/logreq.sty
Package: logreq 2010/08/04 v1.0 xml request logger
\lrq@indent=\count281

(/usr/share/texlive/texmf-dist/tex/latex/logreq/logreq.def
File: logreq.def 2010/08/04 v1.0 logreq spec v1.0
))
(/usr/share/texlive/texmf-dist/tex/latex/url/url.sty
\Urlmuskip=\muskip17
Package: url 2013/09/16  ver 3.4  Verb mode for urls, etc.
)
\c@tabx@nest=\count282
\c@listtotal=\count283
\c@listcount=\count284
\c@liststart=\count285
\c@liststop=\count286
\c@citecount=\count287
\c@citetotal=\count288
\c@multicitecount=\count289
\c@multicitetotal=\count290
\c@instcount=\count291
\c@maxnames=\count292
\c@minnames=\count293
\c@maxitems=\count294
\c@minitems=\count295
\c@citecounter=\count296
\c@maxcitecounter=\count297
\c@savedcitecounter=\count298
\c@uniquelist=\count299
\c@uniquename=\count300
\c@refsection=\count301
\c@refsegment=\count302
\c@maxextratitle=\count303
\c@maxextratitleyear=\count304
\c@maxextraname=\count305
\c@maxextradate=\count306
\c@maxextraalpha=\count307
\c@abbrvpenalty=\count308
\c@highnamepenalty=\count309
\c@lownamepenalty=\count310
\c@maxparens=\count311
\c@parenlevel=\count312
\blx@tempcnta=\count313
\blx@tempcntb=\count314
\blx@tempcntc=\count315
\blx@maxsection=\count316
\blx@maxsegment@0=\count317
\blx@notetype=\count318
\blx@parenlevel@text=\count319
\blx@parenlevel@foot=\count320
\blx@sectionciteorder@0=\count321
\blx@entrysetcounter=\count322
\labelnumberwidth=\skip91
\labelalphawidth=\skip92
\biblabelsep=\skip93
\bibitemsep=\skip94
\bibnamesep=\skip95
\bibinitsep=\skip96
\bibparsep=\skip97
\bibhang=\skip98
\blx@bcfin=\read3
\blx@bcfout=\write3
\blx@langwohyphens=\language85
\c@mincomprange=\count323
\c@maxcomprange=\count324
\c@mincompwidth=\count325
Package biblatex Info: Trying to load biblatex default data model...
Package biblatex Info: ... file 'blx-dm.def' found.

(/usr/share/texlive/texmf-dist/tex/latex/biblatex/blx-dm.def
File: blx-dm.def 2019/12/01 v3.14 biblatex localization (PK/MW)
)
Package biblatex Info: Trying to load biblatex style data model...
Package biblatex Info: ... file 'authoryear.dbx' not found.
Package biblatex Info: Trying to load biblatex custom data model...
Package biblatex Info: ... file 'biblatex-dm.cfg' not found.
\c@afterword=\count326
\c@savedafterword=\count327
\c@annotator=\count328
\c@savedannotator=\count329
\c@author=\count330
\c@savedauthor=\count331
\c@bookauthor=\count332
\c@savedbookauthor=\count333
\c@commentator=\count334
\c@savedcommentator=\count335
\c@editor=\count336
\c@savededitor=\count337
\c@editora=\count338
\c@savededitora=\count339
\c@editorb=\count340
\c@savededitorb=\count341
\c@editorc=\count342
\c@savededitorc=\count343
\c@foreword=\count344
\c@savedforeword=\count345
\c@holder=\count346
\c@savedholder=\count347
\c@introduction=\count348
\c@savedintroduction=\count349
\c@namea=\count350
\c@savednamea=\count351
\c@nameb=\count352
\c@savednameb=\count353
\c@namec=\count354
\c@savednamec=\count355
\c@translator=\count356
\c@savedtranslator=\count357
\c@shortauthor=\count358
\c@savedshortauthor=\count359
\c@shorteditor=\count360
\c@savedshorteditor=\count361
\c@labelname=\count362
\c@savedlabelname=\count363
\c@institution=\count364
\c@savedinstitution=\count365
\c@lista=\count366
\c@savedlista=\count367
\c@listb=\count368
\c@savedlistb=\count369
\c@listc=\count370
\c@savedlistc=\count371
\c@listd=\count372
\c@savedlistd=\count373
\c@liste=\count374
\c@savedliste=\count375
\c@listf=\count376
\c@savedlistf=\count377
\c@location=\count378
\c@savedlocation=\count379
\c@organization=\count380
\c@savedorganization=\count381
\c@origlocation=\count382
\c@savedoriglocation=\count383
\c@origpublisher=\count384
\c@savedorigpublisher=\count385
\c@publisher=\count386
\c@savedpublisher=\count387
\c@language=\count388
\c@savedlanguage=\count389
\c@origlanguage=\count390
\c@savedoriglanguage=\count391
\c@pageref=\count392
\c@savedpageref=\count393
\shorthandwidth=\skip99
\shortjournalwidth=\skip100
\shortserieswidth=\skip101
\shorttitlewidth=\skip102
\shortauthorwidth=\skip103
\shorteditorwidth=\skip104
\locallabelnumberwidth=\skip105
\locallabelalphawidth=\skip106
\localshorthandwidth=\skip107
\localshortjournalwidth=\skip108
\localshortserieswidth=\skip109
\localshorttitlewidth=\skip110
\localshortauthorwidth=\skip111
\localshorteditorwidth=\skip112
Package biblatex Info: Trying to load compatibility code...
Package biblatex Info: ... file 'blx-compat.def' found.

(/usr/share/texlive/texmf-dist/tex/latex/biblatex/blx-compat.def
File: blx-compat.def 2019/12/01 v3.14 biblatex compatibility (PK/MW)
)
Package biblatex Info: Trying to load BibTeX backend compatibility...
Package biblatex Info: ... file 'blx-bibtex.def' found.

(/usr/share/texlive/texmf-dist/tex/latex/biblatex/blx-bibtex.def
File: blx-bibtex.def 2019/12/01 v3.14 biblatex compatibility (PK/MW)


Package biblatex Warning: Using fall-back BibTeX(8) backend:
(biblatex)                functionality may be reduced/unavailable.

)
Package biblatex Info: Trying to load generic definitions...
Package biblatex Info: ... file 'biblatex.def' found.
 (/usr/share/texlive/texmf-dist/tex/latex/biblatex/biblatex.def
File: biblatex.def 2019/12/01 v3.14 biblatex compatibility (PK/MW)
\c@textcitecount=\count394
\c@textcitetotal=\count395
\c@textcitemaxnames=\count396
\c@biburlbigbreakpenalty=\count397
\c@biburlbreakpenalty=\count398
\c@biburlnumpenalty=\count399
\c@biburlucpenalty=\count400
\c@biburllcpenalty=\count401
\biburlbigskip=\muskip18
\biburlnumskip=\muskip19
\biburlucskip=\muskip20
\biburllcskip=\muskip21
\c@smartand=\count402
)
Package biblatex Info: Trying to load natbib compatibility...
Package biblatex Info: ... file 'blx-natbib.def' found.

(/usr/share/texlive/texmf-dist/tex/latex/biblatex/blx-natbib.def
File: blx-natbib.def 2019/12/01 v3.14 biblatex compatibility (PK/MW)
Package biblatex Info: Delimiter 'nameyeardelim' in context '' already defined,
 overwriting.
)
Package biblatex Info: Trying to load bibliography style 'authoryear'...
Package biblatex Info: ... file 'authoryear.bbx' found.

(/usr/share/texlive/texmf-dist/tex/latex/biblatex/bbx/authoryear.bbx
File: authoryear.bbx 2019/12/01 v3.14 biblatex bibliography style (PK/MW)
Package biblatex Info: Trying to load bibliography style 'standard'...
Package biblatex Info: ... file 'standard.bbx' found.

(/usr/share/texlive/texmf-dist/tex/latex/biblatex/bbx/standard.bbx
File: standard.bbx 2019/12/01 v3.14 biblatex bibliography style (PK/MW)
\c@bbx:relatedcount=\count403
\c@bbx:relatedtotal=\count404
))
Package biblatex Info: Trying to load citation style 'authoryear'...
Package biblatex Info: ... file 'authoryear.cbx' found.

(/usr/share/texlive/texmf-dist/tex/latex/biblatex/cbx/authoryear.cbx
File: authoryear.cbx 2019/12/01 v3.14 biblatex citation style (PK/MW)
Package biblatex Info: Redefining '\cite'.
Package biblatex Info: Redefining '\parencite'.
Package biblatex Info: Redefining '\footcite'.
Package biblatex Info: Redefining '\footcitetext'.
Package biblatex Info: Redefining '\smartcite'.
Package biblatex Info: Redefining '\textcite'.
Package biblatex Info: Redefining '\textcites'.
)
Package biblatex Info: Trying to load configuration file...
Package biblatex Info: ... file 'biblatex.cfg' found.

(/usr/share/texlive/texmf-dist/tex/latex/biblatex/biblatex.cfg
File: biblatex.cfg 
))
(/usr/share/texlive/texmf-dist/tex/latex/graphics/graphicx.sty
Package: graphicx 2019/11/30 v1.2a Enhanced LaTeX Graphics (DPC,SPQR)

(/usr/share/texlive/texmf-dist/tex/latex/graphics/graphics.sty
Package: graphics 2019/11/30 v1.4a Standard LaTeX Graphics (DPC,SPQR)

(/usr/share/texlive/texmf-dist/tex/latex/graphics/trig.sty
Package: trig 2016/01/03 v1.10 sin cos tan (DPC)
)
(/usr/share/texlive/texmf-dist/tex/latex/graphics-cfg/graphics.cfg
File: graphics.cfg 2016/06/04 v1.11 sample graphics configuration
)
Package graphics Info: Driver file: pdftex.def on input line 105.

(/usr/share/texlive/texmf-dist/tex/latex/graphics-def/pdftex.def
File: pdftex.def 2018/01/08 v1.0l Graphics/color driver for pdftex
))
\Gin@req@height=\dimen186
\Gin@req@width=\dimen187
)
(/usr/share/texlive/texmf-dist/tex/latex/subfig/subfig.sty
Package: subfig 2005/06/28 ver: 1.3 subfig package
\c@KVtest=\count405
\sf@farskip=\skip113
\sf@captopadj=\dimen188
\sf@capskip=\skip114
\sf@nearskip=\skip115
\c@subfigure=\count406
\c@subfigure@save=\count407
\c@subtable=\count408
\c@subtable@save=\count409
\sf@top=\skip116
\sf@bottom=\skip117
)
(/usr/share/texlive/texmf-dist/tex/latex/adjustbox/adjustbox.sty
Package: adjustbox 2019/01/04 v1.2 Adjusting TeX boxes (trim, clip, ...)

(/usr/share/texlive/texmf-dist/tex/latex/xkeyval/xkeyval.sty
Package: xkeyval 2014/12/03 v2.7a package option processing (HA)

(/usr/share/texlive/texmf-dist/tex/generic/xkeyval/xkeyval.tex
(/usr/share/texlive/texmf-dist/tex/generic/xkeyval/xkvutils.tex
\XKV@toks=\toks32
\XKV@tempa@toks=\toks33
)
\XKV@depth=\count410
File: xkeyval.tex 2014/12/03 v2.7a key=value parser (HA)
))
(/usr/share/texlive/texmf-dist/tex/latex/adjustbox/adjcalc.sty
Package: adjcalc 2012/05/16 v1.1 Provides advanced setlength with multiple back
-ends (calc, etex, pgfmath)
)
(/usr/share/texlive/texmf-dist/tex/latex/adjustbox/trimclip.sty
Package: trimclip 2018/04/08 v1.1 Trim and clip general TeX material

(/usr/share/texlive/texmf-dist/tex/latex/collectbox/collectbox.sty
Package: collectbox 2012/05/17 v0.4b Collect macro arguments as boxes
\collectedbox=\box57
)
\tc@llx=\dimen189
\tc@lly=\dimen190
\tc@urx=\dimen191
\tc@ury=\dimen192
Package trimclip Info: Using driver 'tc-pdftex.def'.

(/usr/share/texlive/texmf-dist/tex/latex/adjustbox/tc-pdftex.def
File: tc-pdftex.def 2019/01/04 v2.2 Clipping driver for pdftex
))
\adjbox@Width=\dimen193
\adjbox@Height=\dimen194
\adjbox@Depth=\dimen195
\adjbox@Totalheight=\dimen196
\adjbox@pwidth=\dimen197
\adjbox@pheight=\dimen198
\adjbox@pdepth=\dimen199
\adjbox@ptotalheight=\dimen256

(/usr/share/texlive/texmf-dist/tex/latex/ifoddpage/ifoddpage.sty
Package: ifoddpage 2016/04/23 v1.1 Conditionals for odd/even page detection
\c@checkoddpage=\count411
)
(/usr/share/texlive/texmf-dist/tex/latex/varwidth/varwidth.sty
Package: varwidth 2009/03/30 ver 0.92;  Variable-width minipages
\@vwid@box=\box58
\sift@deathcycles=\count412
\@vwid@loff=\dimen257
\@vwid@roff=\dimen258
))
(/usr/share/texlive/texmf-dist/tex/latex/pdfpages/pdfpages.sty
Package: pdfpages 2020/01/28 v0.5q Insert pages of external PDF documents (AM)

(/usr/share/texlive/texmf-dist/tex/latex/tools/calc.sty
Package: calc 2017/05/25 v4.3 Infix arithmetic (KKT,FJ)
\calc@Acount=\count413
\calc@Bcount=\count414
\calc@Adimen=\dimen259
\calc@Bdimen=\dimen260
\calc@Askip=\skip118
\calc@Bskip=\skip119
LaTeX Info: Redefining \setlength on input line 80.
LaTeX Info: Redefining \addtolength on input line 81.
\calc@Ccount=\count415
\calc@Cskip=\skip120
)
(/usr/share/texlive/texmf-dist/tex/latex/eso-pic/eso-pic.sty
Package: eso-pic 2018/04/12 v2.0h eso-pic (RN)

(/usr/share/texlive/texmf-dist/tex/generic/atbegshi/atbegshi.sty
Package: atbegshi 2019/12/05 v1.19 At begin shipout hook (HO)
)
(/usr/share/texlive/texmf-dist/tex/latex/xcolor/xcolor.sty
Package: xcolor 2016/05/11 v2.12 LaTeX color extensions (UK)

(/usr/share/texlive/texmf-dist/tex/latex/graphics-cfg/color.cfg
File: color.cfg 2016/01/02 v1.6 sample color configuration
)
Package xcolor Info: Driver file: pdftex.def on input line 225.
Package xcolor Info: Model `cmy' substituted by `cmy0' on input line 1348.
Package xcolor Info: Model `hsb' substituted by `rgb' on input line 1352.
Package xcolor Info: Model `RGB' extended on input line 1364.
Package xcolor Info: Model `HTML' substituted by `rgb' on input line 1366.
Package xcolor Info: Model `Hsb' substituted by `hsb' on input line 1367.
Package xcolor Info: Model `tHsb' substituted by `hsb' on input line 1368.
Package xcolor Info: Model `HSB' substituted by `hsb' on input line 1369.
Package xcolor Info: Model `Gray' substituted by `gray' on input line 1370.
Package xcolor Info: Model `wave' substituted by `hsb' on input line 1371.
))
\AM@pagewidth=\dimen261
\AM@pageheight=\dimen262

(/usr/share/texlive/texmf-dist/tex/latex/pdfpages/pppdftex.def
File: pppdftex.def 2020/01/28 v0.5q Pdfpages driver for pdfTeX (AM)
)
\AM@pagebox=\box59
\AM@global@opts=\toks34
\AM@pagecnt=\count416
\AM@toc@title=\toks35
\c@AM@survey=\count417
\AM@templatesizebox=\box60
)
(/usr/share/texlive/texmf-dist/tex/latex/hyperref/hyperref.sty
Package: hyperref 2020/01/14 v7.00d Hypertext links for LaTeX

(/usr/share/texlive/texmf-dist/tex/generic/kvdefinekeys/kvdefinekeys.sty
Package: kvdefinekeys 2019-12-19 v1.6 Define keys (HO)
)
(/usr/share/texlive/texmf-dist/tex/generic/pdfescape/pdfescape.sty
Package: pdfescape 2019/12/09 v1.15 Implements pdfTeX's escape features (HO)
)
(/usr/share/texlive/texmf-dist/tex/latex/hycolor/hycolor.sty
Package: hycolor 2020-01-27 v1.10 Color options for hyperref/bookmark (HO)
)
(/usr/share/texlive/texmf-dist/tex/latex/letltxmacro/letltxmacro.sty
Package: letltxmacro 2019/12/03 v1.6 Let assignment for LaTeX macros (HO)
)
(/usr/share/texlive/texmf-dist/tex/latex/auxhook/auxhook.sty
Package: auxhook 2019-12-17 v1.6 Hooks for auxiliary files (HO)
)
\@linkdim=\dimen263
\Hy@linkcounter=\count418
\Hy@pagecounter=\count419

(/usr/share/texlive/texmf-dist/tex/latex/hyperref/pd1enc.def
File: pd1enc.def 2020/01/14 v7.00d Hyperref: PDFDocEncoding definition (HO)
Now handling font encoding PD1 ...
... no UTF-8 mapping file for font encoding PD1
)
(/usr/share/texlive/texmf-dist/tex/generic/intcalc/intcalc.sty
Package: intcalc 2019/12/15 v1.3 Expandable calculations with integers (HO)
)
(/usr/share/texlive/texmf-dist/tex/generic/etexcmds/etexcmds.sty
Package: etexcmds 2019/12/15 v1.7 Avoid name clashes with e-TeX commands (HO)
)
\Hy@SavedSpaceFactor=\count420
\pdfmajorversion=\count421
Package hyperref Info: Hyper figures OFF on input line 4547.
Package hyperref Info: Link nesting OFF on input line 4552.
Package hyperref Info: Hyper index ON on input line 4555.
Package hyperref Info: Plain pages OFF on input line 4562.
Package hyperref Info: Backreferencing OFF on input line 4567.
Package hyperref Info: Implicit mode ON; LaTeX internals redefined.
Package hyperref Info: Bookmarks ON on input line 4800.
\c@Hy@tempcnt=\count422
LaTeX Info: Redefining \url on input line 5159.
\XeTeXLinkMargin=\dimen264

(/usr/share/texlive/texmf-dist/tex/generic/bitset/bitset.sty
Package: bitset 2019/12/09 v1.3 Handle bit-vector datatype (HO)

(/usr/share/texlive/texmf-dist/tex/generic/bigintcalc/bigintcalc.sty
Package: bigintcalc 2019/12/15 v1.5 Expandable calculations on big integers (HO
)
))
\Fld@menulength=\count423
\Field@Width=\dimen265
\Fld@charsize=\dimen266
Package hyperref Info: Hyper figures OFF on input line 6430.
Package hyperref Info: Link nesting OFF on input line 6435.
Package hyperref Info: Hyper index ON on input line 6438.
Package hyperref Info: backreferencing OFF on input line 6445.
Package hyperref Info: Link coloring OFF on input line 6450.
Package hyperref Info: Link coloring with OCG OFF on input line 6455.
Package hyperref Info: PDF/A mode OFF on input line 6460.
LaTeX Info: Redefining \ref on input line 6500.
LaTeX Info: Redefining \pageref on input line 6504.
\Hy@abspage=\count424
\c@Item=\count425
\c@Hfootnote=\count426
)
Package hyperref Info: Driver (autodetected): hpdftex.

(/usr/share/texlive/texmf-dist/tex/latex/hyperref/hpdftex.def
File: hpdftex.def 2020/01/14 v7.00d Hyperref driver for pdfTeX

(/usr/share/texlive/texmf-dist/tex/latex/atveryend/atveryend.sty
Package: atveryend 2019-12-11 v1.11 Hooks at the very end of document (HO)
Package atveryend Info: \AP@enddocument detected (standard20110627).
)
\Fld@listcount=\count427
\c@bookmark@seq@number=\count428

(/usr/share/texlive/texmf-dist/tex/latex/rerunfilecheck/rerunfilecheck.sty
Package: rerunfilecheck 2019/12/05 v1.9 Rerun checks for auxiliary files (HO)

(/usr/share/texlive/texmf-dist/tex/generic/uniquecounter/uniquecounter.sty
Package: uniquecounter 2019/12/15 v1.4 Provide unlimited unique counter (HO)
)
Package uniquecounter Info: New unique counter `rerunfilecheck' on input line 2
86.
)
\Hy@SectionHShift=\skip121
)
Package hyperref Info: Option `colorlinks' set `true' on input line 71.

(/usr/share/texlive/texmf-dist/tex/latex/psnfss/mathptmx.sty
Package: mathptmx 2005/04/12 PSNFSS-v9.2a Times w/ Math, improved (SPQR, WaS) 
LaTeX Font Info:    Redeclaring symbol font `operators' on input line 28.
LaTeX Font Info:    Overwriting symbol font `operators' in version `normal'
(Font)                  OT1/cmr/m/n --> OT1/ztmcm/m/n on input line 28.
LaTeX Font Info:    Overwriting symbol font `operators' in version `bold'
(Font)                  OT1/cmr/bx/n --> OT1/ztmcm/m/n on input line 28.
LaTeX Font Info:    Redeclaring symbol font `letters' on input line 29.
LaTeX Font Info:    Overwriting symbol font `letters' in version `normal'
(Font)                  OML/cmm/m/it --> OML/ztmcm/m/it on input line 29.
LaTeX Font Info:    Overwriting symbol font `letters' in version `bold'
(Font)                  OML/cmm/b/it --> OML/ztmcm/m/it on input line 29.
LaTeX Font Info:    Redeclaring symbol font `symbols' on input line 30.
LaTeX Font Info:    Overwriting symbol font `symbols' in version `normal'
(Font)                  OMS/cmsy/m/n --> OMS/ztmcm/m/n on input line 30.
LaTeX Font Info:    Overwriting symbol font `symbols' in version `bold'
(Font)                  OMS/cmsy/b/n --> OMS/ztmcm/m/n on input line 30.
LaTeX Font Info:    Redeclaring symbol font `largesymbols' on input line 31.
LaTeX Font Info:    Overwriting symbol font `largesymbols' in version `normal'
(Font)                  OMX/cmex/m/n --> OMX/ztmcm/m/n on input line 31.
LaTeX Font Info:    Overwriting symbol font `largesymbols' in version `bold'
(Font)                  OMX/cmex/m/n --> OMX/ztmcm/m/n on input line 31.
\symbold=\mathgroup6
\symitalic=\mathgroup7
LaTeX Font Info:    Redeclaring math alphabet \mathbf on input line 34.
LaTeX Font Info:    Overwriting math alphabet `\mathbf' in version `normal'
(Font)                  OT1/cmr/bx/n --> OT1/ptm/bx/n on input line 34.
LaTeX Font Info:    Overwriting math alphabet `\mathbf' in version `bold'
(Font)                  OT1/cmr/bx/n --> OT1/ptm/bx/n on input line 34.
LaTeX Font Info:    Redeclaring math alphabet \mathit on input line 35.
LaTeX Font Info:    Overwriting math alphabet `\mathit' in version `normal'
(Font)                  OT1/cmr/m/it --> OT1/ptm/m/it on input line 35.
LaTeX Font Info:    Overwriting math alphabet `\mathit' in version `bold'
(Font)                  OT1/cmr/bx/it --> OT1/ptm/m/it on input line 35.
LaTeX Info: Redefining \hbar on input line 50.
)
(/usr/share/texlive/texmf-dist/tex/latex/sectsty/sectsty.sty
Package: sectsty 2002/02/25 v2.0.2 Commands to change all sectional heading sty
les


LaTeX Warning: Command \underbar  has changed.
               Check if current package is valid.


LaTeX Warning: Command \underline  has changed.
               Check if current package is valid.

) (/usr/share/texlive/texmf-dist/tex/latex/cleveref/cleveref.sty
Package: cleveref 2018/03/27 v0.21.4 Intelligent cross-referencing
Package cleveref Info: `hyperref' support loaded on input line 2370.
LaTeX Info: Redefining \cref on input line 2370.
LaTeX Info: Redefining \Cref on input line 2370.
LaTeX Info: Redefining \crefrange on input line 2370.
LaTeX Info: Redefining \Crefrange on input line 2370.
LaTeX Info: Redefining \cpageref on input line 2370.
LaTeX Info: Redefining \Cpageref on input line 2370.
LaTeX Info: Redefining \cpagerefrange on input line 2370.
LaTeX Info: Redefining \Cpagerefrange on input line 2370.
LaTeX Info: Redefining \labelcref on input line 2370.
LaTeX Info: Redefining \labelcpageref on input line 2370.
Package cleveref Info: `subfig' support loaded on input line 3164.
)
(/usr/share/texlive/texmf-dist/tex/latex/makecell/makecell.sty
Package: makecell 2009/08/03 V0.1e Managing of Tab Column Heads and Cells
\rotheadsize=\dimen267
\c@nlinenum=\count429
\TeXr@lab=\toks36
)
(/usr/share/texlive/texmf-dist/tex/latex/changepage/changepage.sty
Package: changepage 2009/10/20 v1.0c check page and change page layout
\c@cp@cntr=\count430
\cp@tempcnt=\count431
LaTeX Info: Redefining \checkoddpage on input line 59.
))

Package biblatex Warning: 'babel/polyglossia' detected but 'csquotes' missing.
(biblatex)                Loading 'csquotes' recommended.

\@quotelevel=\count432
\@quotereset=\count433
(/usr/share/texlive/texmf-dist/tex/latex/l3backend/l3backend-pdfmode.def
File: l3backend-pdfmode.def 2020-02-03 L3 backend support: PDF mode
\l__kernel_color_stack_int=\count434
\l__pdf_internal_box=\box61
)
(./main.aux)
\openout1 = `main.aux'.

LaTeX Font Info:    Checking defaults for OML/cmm/m/it on input line 26.
LaTeX Font Info:    ... okay on input line 26.
LaTeX Font Info:    Checking defaults for OMS/cmsy/m/n on input line 26.
LaTeX Font Info:    ... okay on input line 26.
LaTeX Font Info:    Checking defaults for OT1/cmr/m/n on input line 26.
LaTeX Font Info:    ... okay on input line 26.
LaTeX Font Info:    Checking defaults for T1/cmr/m/n on input line 26.
LaTeX Font Info:    ... okay on input line 26.
LaTeX Font Info:    Checking defaults for TS1/cmr/m/n on input line 26.
LaTeX Font Info:    ... okay on input line 26.
LaTeX Font Info:    Checking defaults for OMX/cmex/m/n on input line 26.
LaTeX Font Info:    ... okay on input line 26.
LaTeX Font Info:    Checking defaults for U/cmr/m/n on input line 26.
LaTeX Font Info:    ... okay on input line 26.
LaTeX Font Info:    Checking defaults for LUC/nanummj/m/n on input line 26.
LaTeX Font Info:    Trying to load font information for LUC+nanummj on input li
ne 26.
 (/usr/share/texlive/texmf-dist/tex/latex/nanumtype1/lucnanummj.fd
File: lucnanummj.fd 2013/02/12 v0.1 Nanum Myeongjo font definitions
)
LaTeX Font Info:    ... okay on input line 26.
LaTeX Font Info:    Checking defaults for PD1/pdf/m/n on input line 26.
LaTeX Font Info:    ... okay on input line 26.
LaTeX Font Info:    Trying to load font information for OT1+ptm on input line 2
6.
(/usr/share/texlive/texmf-dist/tex/latex/psnfss/ot1ptm.fd
File: ot1ptm.fd 2001/06/04 font definitions for OT1/ptm.
)
*geometry* driver: auto-detecting
*geometry* detected driver: pdftex
*geometry* verbose mode - [ preamble ] result:
* driver: pdftex
* paper: b5paper
* layout: <same size as paper>
* layoutoffset:(h,v)=(0.0pt,0.0pt)
* modes: 
* h-part:(L,W,R)=(57.0928pt, 386.58289pt, 57.0928pt)
* v-part:(T,H,B)=(85.27806pt, 540.76277pt, 85.27806pt)
* \paperwidth=500.7685pt
* \paperheight=711.3189pt
* \textwidth=386.58289pt
* \textheight=540.76277pt
* \oddsidemargin=-15.17719pt
* \evensidemargin=-15.17719pt
* \topmargin=-23.99193pt
* \headheight=12.0pt
* \headsep=25.0pt
* \topskip=12.0pt
* \footskip=30.0pt
* \marginparwidth=44.0pt
* \marginparsep=10.0pt
* \columnsep=10.0pt
* \skip\footins=10.8pt plus 4.0pt minus 2.0pt
* \hoffset=0.0pt
* \voffset=0.0pt
* \mag=1000
* \@twocolumnfalse
* \@twosidefalse
* \@mparswitchfalse
* \@reversemarginfalse
* (1in=72.27pt=25.4mm, 1cm=28.453pt)

Package caption Info: Begin \AtBeginDocument code.
Package caption Info: subfig package v1.3 is loaded.
Package caption Info: float package is loaded.
Package caption Info: hyperref package is loaded.
Package caption Info: End \AtBeginDocument code.
Package biblatex Info: Trying to load language 'english'...
Package biblatex Info: ... file 'english.lbx' found.
(/usr/share/texlive/texmf-dist/tex/latex/biblatex/lbx/english.lbx
File: english.lbx 2019/12/01 v3.14 biblatex localization (PK/MW)
)
Package biblatex Info: Input encoding 'utf8' detected.
Package biblatex Info: Automatic encoding selection.
(biblatex)             Assuming data encoding 'utf8'.
Package biblatex Info: Input encoding 'utf8' specified.
Package biblatex Info: Data encoding 'utf8' specified.
(biblatex)             No need to reencode data.
\openout3 = `main-blx.bib'.

Package biblatex Info: Trying to load bibliographic data...
Package biblatex Info: ... file 'main.bbl' found.
 (./main.bbl)
Package biblatex Info: Reference section=0 on input line 26.
Package biblatex Info: Reference segment=0 on input line 26.
(/usr/share/texlive/texmf-dist/tex/context/base/mkii/supp-pdf.mkii
[Loading MPS to PDF converter (version 2006.09.02).]
\scratchcounter=\count435
\scratchdimen=\dimen268
\scratchbox=\box62
\nofMPsegments=\count436
\nofMParguments=\count437
\everyMPshowfont=\toks37
\MPscratchCnt=\count438
\MPscratchDim=\dimen269
\MPnumerator=\count439
\makeMPintoPDFobject=\count440
\everyMPtoPDFconversion=\toks38
) (/usr/share/texlive/texmf-dist/tex/latex/epstopdf-pkg/epstopdf-base.sty
Package: epstopdf-base 2020-01-24 v2.11 Base part for package epstopdf
Package epstopdf-base Info: Redefining graphics rule for `.eps' on input line 4
85.

(/usr/share/texlive/texmf-dist/tex/latex/latexconfig/epstopdf-sys.cfg
File: epstopdf-sys.cfg 2010/07/13 v1.3 Configuration of (r)epstopdf for TeX Liv
e
))
\AtBeginShipoutBox=\box63

(/usr/share/texlive/texmf-dist/tex/latex/pdflscape/pdflscape.sty
Package: pdflscape 2019/12/05 v0.12 Display of landscape pages in PDF (HO)

(/usr/share/texlive/texmf-dist/tex/latex/graphics/lscape.sty
Package: lscape 2000/10/22 v3.01 Landscape Pages (DPC)
)
Package pdflscape Info: Auto-detected driver: pdftex on input line 81.
)
Package hyperref Info: Link coloring ON on input line 26.

(/usr/share/texlive/texmf-dist/tex/latex/hyperref/nameref.sty
Package: nameref 2019/09/16 v2.46 Cross-referencing by name of section

(/usr/share/texlive/texmf-dist/tex/latex/refcount/refcount.sty
Package: refcount 2019/12/15 v3.6 Data extraction from label references (HO)
)
(/usr/share/texlive/texmf-dist/tex/generic/gettitlestring/gettitlestring.sty
Package: gettitlestring 2019/12/15 v1.6 Cleanup title references (HO)
)
\c@section@level=\count441
)
LaTeX Info: Redefining \ref on input line 26.
LaTeX Info: Redefining \pageref on input line 26.
LaTeX Info: Redefining \nameref on input line 26.

(./main.out) (./main.out)
\@outlinefile=\write4
\openout4 = `main.out'.

 (./contents.tex (./chapters/page1.tex [1


{/var/lib/texmf/fonts/map/pdftex/updmap/pdftex.map}]) (./chapters/page2.tex
LaTeX Font Info:    Trying to load font information for LUC+nanumgt on input li
ne 9.

(/usr/share/texlive/texmf-dist/tex/latex/nanumtype1/lucnanumgt.fd
File: lucnanumgt.fd 2013/02/12 v0.1 Nanum Gothic font definitions
)pdfTeX warning (ext4): destination with the same identifier (name{page.}) has 
been already used, duplicate ignored
<to be read again> 
                   \relax 
l.28 \cleardoublepage
                      [2

]) (./chapters/page3.texpdfTeX warning (ext4): destination with the same identi
fier (name{page.}) has been already used, duplicate ignored
<to be read again> 
                   \relax 
l.34 \cleardoublepage
                      [3

])
<graphics/committee.pdf, id=165, 597.55246pt x 845.07718pt>
File: graphics/committee.pdf Graphic file (type pdf)
<use graphics/committee.pdf>
Package pdftex.def Info: graphics/committee.pdf  used on input line 12.
(pdftex.def)             Requested size: 597.551pt x 845.07512pt.
File: graphics/committee.pdf Graphic file (type pdf)
<use graphics/committee.pdf>
Package pdftex.def Info: graphics/committee.pdf  used on input line 12.
(pdftex.def)             Requested size: 597.551pt x 845.07512pt.
<graphics/committee.pdf, id=168, page=1, 597.55246pt x 845.07718pt>
File: graphics/committee.pdf Graphic file (type pdf)
<use graphics/committee.pdf, page 1>
Package pdftex.def Info: graphics/committee.pdf , page1 used on input line 12.
(pdftex.def)             Requested size: 597.551pt x 845.07512pt.
File: graphics/committee.pdf Graphic file (type pdf)
<use graphics/committee.pdf, page 1>
Package pdftex.def Info: graphics/committee.pdf , page1 used on input line 12.
(pdftex.def)             Requested size: 501.22945pt x 708.8542pt.
File: graphics/committee.pdf Graphic file (type pdf)
<use graphics/committee.pdf, page 1>
Package pdftex.def Info: graphics/committee.pdf , page1 used on input line 12.
(pdftex.def)             Requested size: 501.22945pt x 708.8542pt.
File: graphics/committee.pdf Graphic file (type pdf)
<use graphics/committee.pdf, page 1>
Package pdftex.def Info: graphics/committee.pdf , page1 used on input line 12.
(pdftex.def)             Requested size: 501.22945pt x 708.8542pt.
File: graphics/committee.pdf Graphic file (type pdf)
<use graphics/committee.pdf, page 1>
Package pdftex.def Info: graphics/committee.pdf , page1 used on input line 12.
(pdftex.def)             Requested size: 501.22945pt x 708.8542pt.
pdfTeX warning (ext4): destination with the same identifier (name{page.}) has b
een already used, duplicate ignored
<to be read again> 
                   \relax 
l.12 \includepdf[]{graphics/committee}
                                       [4

 <./graphics/committee.pdf>]
(./chapters/dedication.tex) (./chapters/acknowledgement.texpdfTeX warning (ext4
): destination with the same identifier (name{page.}) has been already used, du
plicate ignored
<to be read again> 
                   \relax 
l.2 \section
            *{ACKNOWLEDGEMENTS} [5])pdfTeX warning (ext4): destination with the
 same identifier (name{page.}) has been already used, duplicate ignored
<to be read again> 
                   \relax 
l.25 
      [6] (./chapters/toc.tex (./main.toc
LaTeX Font Info:    Trying to load font information for OT1+ztmcm on input line
 4.

(/usr/share/texlive/texmf-dist/tex/latex/psnfss/ot1ztmcm.fd
File: ot1ztmcm.fd 2000/01/03 Fontinst v1.801 font definitions for OT1/ztmcm.
)
LaTeX Font Info:    Trying to load font information for OML+ztmcm on input line
 4.

(/usr/share/texlive/texmf-dist/tex/latex/psnfss/omlztmcm.fd
File: omlztmcm.fd 2000/01/03 Fontinst v1.801 font definitions for OML/ztmcm.
)
LaTeX Font Info:    Trying to load font information for OMS+ztmcm on input line
 4.

(/usr/share/texlive/texmf-dist/tex/latex/psnfss/omsztmcm.fd
File: omsztmcm.fd 2000/01/03 Fontinst v1.801 font definitions for OMS/ztmcm.
)
LaTeX Font Info:    Trying to load font information for OMX+ztmcm on input line
 4.

(/usr/share/texlive/texmf-dist/tex/latex/psnfss/omxztmcm.fd
File: omxztmcm.fd 2000/01/03 Fontinst v1.801 font definitions for OMX/ztmcm.
)
LaTeX Font Info:    Font shape `OT1/ptm/bx/n' in size <12> not available
(Font)              Font shape `OT1/ptm/b/n' tried instead on input line 4.
LaTeX Font Info:    Font shape `OT1/ptm/bx/n' in size <9> not available
(Font)              Font shape `OT1/ptm/b/n' tried instead on input line 4.
LaTeX Font Info:    Font shape `OT1/ptm/bx/n' in size <7> not available
(Font)              Font shape `OT1/ptm/b/n' tried instead on input line 4.
LaTeX Font Info:    Font shape `LUC/nanummj/b/n' in size <12> not available
(Font)              Font shape `LUC/nanummj/bx/n' tried instead on input line 8
.
pdfTeX warning (ext4): destination with the same identifier (name{page.}) has b
een already used, duplicate ignored
<to be read again> 
                   \relax 
l.48 ...Di-hBN CuNi Composite}{25}{subsection.2.2}
                                                  % [1])
\tf@toc=\write5
\openout5 = `main.toc'.

pdfTeX warning (ext4): destination with the same identifier (name{page.}) has b
een already used, duplicate ignored
<to be read again> 
                   \relax 
l.13 \section
             *{LIST OF ABBREVIATIONS AND ACRONYMS} [2]pdfTeX warning (ext4): de
stination with the same identifier (name{page.}) has been already used, duplica
te ignored
<to be read again> 
                   \relax 
l.50 
      [3] (./main.lof
Underfull \hbox (badness 3525) in paragraph at lines 4--4
 [][] [][][]\OT1/ptm/m/n/12 Schematic illustration of the in-situ growth for gr
aphene 
 []


Underfull \hbox (badness 3396) in paragraph at lines 16--16
 [][] [][][]\OT1/ptm/m/n/12 OM images of 3Di-hBN-Cu-Ni composites under various
 
 []


Underfull \hbox (badness 1097) in paragraph at lines 18--18
 [][] [][][]\OT1/ptm/m/n/12 Density of the 3Di-hBN-Cu-Ni composite as a functio
n of 
 []


Underfull \hbox (badness 3792) in paragraph at lines 20--20
 [][] [][][]\OT1/ptm/m/n/12 OM images of 3Di hBN-Cu-Ni composites processed at 

 []

pdfTeX warning (ext4): destination with the same identifier (name{page.}) has b
een already used, duplicate ignored
<to be read again> 
                   \relax 
l.26 ...composite.\relax }}{37}{figure.caption.21}
                                                  % [4]
Underfull \hbox (badness 2409) in paragraph at lines 28--28
 [][] [][][]\OT1/ptm/m/n/12 TEM investigation: (a) low-magnification bright-fie
ld TEM 
 []

)
\tf@lof=\write6
\openout6 = `main.lof'.

pdfTeX warning (ext4): destination with the same identifier (name{page.}) has b
een already used, duplicate ignored
<to be read again> 
                   \relax 
l.60   \cleardoublepage
                        [5] (./main.lot
Underfull \hbox (badness 10000) in paragraph at lines 10--10
 [][] [][][]\OT1/ptm/m/n/12 EDS 
 []

)
\tf@lot=\write7
\openout7 = `main.lot'.

) (./chapters/abstract_eng.texpdfTeX warning (ext4): destination with the same 
identifier (name{page.}) has been already used, duplicate ignored
<to be read again> 
                   \relax 
l.2 \section
            *{ABSTRACT} [6

]) (./chapters/abstract_kor.texpdfTeX warning (ext4): destination with the same
 identifier (name{page.}) has been already used, duplicate ignored
<to be read again> 
                   \relax 
l.1 \begin{center}
                   [7]pdfTeX warning (ext4): destination with the same identifi
er (name{page.}) has been already used, duplicate ignored
<to be read again> 
                   \relax 
l.2 \section
            *{í•œ ê¸€ ìš” ì•½} [8]
LaTeX Font Info:    Font shape `LUC/nanummj/b/n' in size <17.28> not available
(Font)              Font shape `LUC/nanummj/bx/n' tried instead on input line 2
.
pdfTeX warning (ext4): destination with the same identifier (name{page.}) has b
een already used, duplicate ignored
<to be read again> 
                   \relax 
l.21 
      [9]) (./chapters/chapter_1.texpdfTeX warning (ext4): destination with the
 same identifier (name{page.}) has been already used, duplicate ignored
<to be read again> 
                   \relax 
l.3 \section
            {INTRODUCTION} [10]
Underfull \hbox (badness 1502) in paragraph at lines 15--16
\OT1/ptm/m/n/12 and functionalities, such as by doping, substitution, functiona
lization and
 []


Underfull \hbox (badness 1092) in paragraph at lines 15--16
\OT1/ptm/m/n/12 with sublattices being occupied by equal numbers of boron and n
itrogen
 []

[1]
LaTeX Font Info:    Trying to load font information for TS1+ptm on input line 1
7.
 (/usr/share/texlive/texmf-dist/tex/latex/psnfss/ts1ptm.fd
File: ts1ptm.fd 2001/06/04 font definitions for TS1/ptm.
) [2]
Missing character: There is no ™ in font ptmr7t!

Underfull \hbox (badness 1173) in paragraph at lines 20--22
\OT1/ptm/m/n/12 of 0.142 nm imparts graphene exceptionally high planar strength
 ([]Huang
 []

[3] [4] [5]
Underfull \hbox (badness 2809) in paragraph at lines 32--33
\OT1/ptm/m/n/12 Mohamed, and Lavernia, [][]1991[][]; []Chawla, [][]2012[][]). F
ibre-MMC consists of
 []

[6] [7] [8] [9] [10]
Underfull \hbox (badness 1668) in paragraph at lines 63--64
[]\OT1/ptm/m/n/12 The process is carried out in the following steps. Initially,
 graphene
 []


Underfull \hbox (badness 1320) in paragraph at lines 63--64
\OT1/ptm/m/n/12 distribution of graphene, several blending processes such as ba
ll milling,
 []

[11]
Underfull \hbox (badness 1152) in paragraph at lines 67--68
\OT1/ptm/m/n/12 MA and SPM are good at overcoming the graphene dispersion probl
em.
 []

[12] [13]
<graphics/chapter_1/in_situ_growth.png, id=649, 450.18187pt x 179.16937pt>
File: graphics/chapter_1/in_situ_growth.png Graphic file (type png)
<use graphics/chapter_1/in_situ_growth.png>
Package pdftex.def Info: graphics/chapter_1/in_situ_growth.png  used on input l
ine 76.
(pdftex.def)             Requested size: 386.58289pt x 153.86394pt.

Underfull \hbox (badness 1360) in paragraph at lines 82--83
[]\OT1/ptm/m/n/12 The in-situ processing technique is widely being used because
 of its
 []


Underfull \hbox (badness 1406) in paragraph at lines 82--83
\OT1/ptm/m/n/12 any compromise on their other properties such as thermal and el
ectrical
 []

[14 <./graphics/chapter_1/in_situ_growth.png>]
Underfull \hbox (badness 1127) in paragraph at lines 84--85
\OT1/ptm/m/n/12 such as lightweight macroscopic conductors and heat-sinks in el
ectronics.
 []

[15] [16]
<graphics/chapter_1/load_transfer.png, id=692, 497.60907pt x 582.67688pt>
File: graphics/chapter_1/load_transfer.png Graphic file (type png)
<use graphics/chapter_1/load_transfer.png>
Package pdftex.def Info: graphics/chapter_1/load_transfer.png  used on input li
ne 123.
(pdftex.def)             Requested size: 174.16577pt x 203.93996pt.
 [17] [18 <./graphics/chapter_1/load_transfer.png>]

LaTeX Warning: Citation 'xxxx' on page 19 undefined on input line 173.


LaTeX Warning: Citation 'xxxx' on page 19 undefined on input line 173.


Underfull \hbox (badness 1655) in paragraph at lines 173--174
\OT1/ptm/m/n/12 the corrosion resistance of MMCs. Graphene and hBN are impermea
ble
 []


Underfull \hbox (badness 2237) in paragraph at lines 173--174
\OT1/ptm/m/n/12 entering in the atomic structure and therefore can significantl
y enhance
 []


Underfull \hbox (badness 1776) in paragraph at lines 173--174
\OT1/ptm/m/n/12 against the hydrogen embrittlement. Li et al. ([]), through the
 series
 []


Underfull \hbox (badness 1009) in paragraph at lines 173--174
\OT1/ptm/m/n/12 of electrochemical experiment, also reported the higher tendenc
y of three
 []

[19]
Underfull \hbox (badness 1783) in paragraph at lines 176--177
\OT1/ptm/m/n/12 explored the applications of hBN in the CuNi matrix. We reporte
d the
 []

[20]) (./chapters/chapter_2.tex [21]
Underfull \hbox (badness 2126) in paragraph at lines 8--9
\OT1/ptm/m/n/12 The development of two-dimensional (2D) materials has opened up
 the
 []

[22] [23] [24]
<graphics/chapter_2/Mold_and_press.png, id=816, 302.5704pt x 162.3666pt>
File: graphics/chapter_2/Mold_and_press.png Graphic file (type png)
<use graphics/chapter_2/Mold_and_press.png>
Package pdftex.def Info: graphics/chapter_2/Mold_and_press.png  used on input l
ine 23.
(pdftex.def)             Requested size: 302.56966pt x 162.3662pt.
LaTeX Font Info:    Trying to load font information for OML+ptm on input line 4
0.
 (/usr/share/texlive/texmf-dist/tex/latex/psnfss/omlptm.fd
File: omlptm.fd 
)
LaTeX Font Info:    Font shape `OML/ptm/m/n' in size <12> not available
(Font)              Font shape `OML/cmm/m/it' tried instead on input line 40.
<graphics/chapter_2/Compacted_CuNi_powder.png, id=817, 234.27121pt x 187.22295p
t>
File: graphics/chapter_2/Compacted_CuNi_powder.png Graphic file (type png)
<use graphics/chapter_2/Compacted_CuNi_powder.png>
Package pdftex.def Info: graphics/chapter_2/Compacted_CuNi_powder.png  used on 
input line 46.
(pdftex.def)             Requested size: 234.27063pt x 187.22247pt.

Underfull \hbox (badness 1442) in paragraph at lines 53--55
\OT1/ptm/m/n/12 The discs were then placed in a quartz glass tube furnace with 
a tube
 []

[25] [26 <./graphics/chapter_2/Mold_and_press.png> <./graphics/chapter_2/Compac
ted_CuNi_powder.png>]
<graphics/chapter_2/CVD_furnace.png, id=832, 383.5128pt x 253.4268pt>
File: graphics/chapter_2/CVD_furnace.png Graphic file (type png)
<use graphics/chapter_2/CVD_furnace.png>
Package pdftex.def Info: graphics/chapter_2/CVD_furnace.png  used on input line
 68.
(pdftex.def)             Requested size: 386.58289pt x 255.4602pt.
 [27]
LaTeX Font Info:    Trying to load font information for LUC+uhcmj on input line
 80.

(/usr/share/texlive/texmf-dist/tex/latex/kotex-utf/lucuhcmj.fd
File: lucuhcmj.fd 2013/09/26 UHC Myeongjo font definitions
)
Underfull \hbox (badness 10000) in paragraph at lines 80--81
\OT1/ptm/m/n/12 Optical
 []

[28 <./graphics/chapter_2/CVD_furnace.png>]
<graphics/chapter_2/Mechanism_of_formation.png, id=853, 416.64383pt x 259.49295
pt>
File: graphics/chapter_2/Mechanism_of_formation.png Graphic file (type png)
<use graphics/chapter_2/Mechanism_of_formation.png>
Package pdftex.def Info: graphics/chapter_2/Mechanism_of_formation.png  used on
 input line 87.
(pdftex.def)             Requested size: 386.58289pt x 240.77953pt.
 [29] [30]
<graphics/chapter_2/OM images.png, id=868, 469.51248pt x 316.72691pt>
File: graphics/chapter_2/OM images.png Graphic file (type png)
<use graphics/chapter_2/OM images.png>
Package pdftex.def Info: graphics/chapter_2/OM images.png  used on input line 9
6.
(pdftex.def)             Requested size: 386.58289pt x 260.7858pt.
Missing character: There is no Ã in font zptmcm7t!
 [31 <./graphics/chapter_2/Mechanism_of_formation.png>] [32 <./graphics/chapter
_2/OM images.png>]
<graphics/chapter_2/Pressure-density relationship-1.png, id=885, 263.0628pt x 1
93.6836pt>
File: graphics/chapter_2/Pressure-density relationship-1.png Graphic file (type
 png)
<use graphics/chapter_2/Pressure-density relationship-1.png>
Package pdftex.def Info: graphics/chapter_2/Pressure-density relationship-1.png
  used on input line 105.
(pdftex.def)             Requested size: 263.06215pt x 193.6831pt.
<graphics/chapter_2/OM_image (HC).png, id=886, 344.9688pt x 118.041pt>
File: graphics/chapter_2/OM_image (HC).png Graphic file (type png)
<use graphics/chapter_2/OM_image (HC).png>
Package pdftex.def Info: graphics/chapter_2/OM_image (HC).png  used on input li
ne 112.
(pdftex.def)             Requested size: 386.58289pt x 132.29144pt.

[33 <./graphics/chapter_2/Pressure-density relationship-1.png>] [34 <./graphics
/chapter_2/OM_image (HC).png>]
<graphics/chapter_2/SEM-EDX.png, id=906, 321.09221pt x 196.43858pt>
File: graphics/chapter_2/SEM-EDX.png Graphic file (type png)
<use graphics/chapter_2/SEM-EDX.png>
Package pdftex.def Info: graphics/chapter_2/SEM-EDX.png  used on input line 122
.
(pdftex.def)             Requested size: 321.09142pt x 196.4381pt.
 [35 <./graphics/chapter_2/SEM-EDX.png>]
<graphics/chapter_2/SEM-3DihBN.png, id=923, 276.46913pt x 208.07939pt>
File: graphics/chapter_2/SEM-3DihBN.png Graphic file (type png)
<use graphics/chapter_2/SEM-3DihBN.png>
Package pdftex.def Info: graphics/chapter_2/SEM-3DihBN.png  used on input line 
147.
(pdftex.def)             Requested size: 276.46846pt x 208.07887pt.
<graphics/chapter_2/XRD-element distribution.png, id=926, 419.6478pt x 186.9384
pt>
File: graphics/chapter_2/XRD-element distribution.png Graphic file (type png)
<use graphics/chapter_2/XRD-element distribution.png>
Package pdftex.def Info: graphics/chapter_2/XRD-element distribution.png  used 
on input line 156.
(pdftex.def)             Requested size: 386.58289pt x 172.21646pt.

Underfull \hbox (badness 1895) in paragraph at lines 157--157
[]\OT1/ptm/m/n/10.95 Figure 2.10: |(a) XRD pattern of 3Di-hBN-Cu-Ni composite a
nd (b) Elemental
 []

[36 <./graphics/chapter_2/SEM-3DihBN.png>]
<graphics/chapter_2/TEM-3DihBN.png, id=937, 473.6094pt x 180.1932pt>
File: graphics/chapter_2/TEM-3DihBN.png Graphic file (type png)
<use graphics/chapter_2/TEM-3DihBN.png>
Package pdftex.def Info: graphics/chapter_2/TEM-3DihBN.png  used on input line 
165.
(pdftex.def)             Requested size: 386.58289pt x 147.08574pt.
) [37 <./graphics/chapter_2/XRD-element distribution.png> <./graphics/chapter_2
/TEM-3DihBN.png>]
(./chapters/conclusion.tex [38]
Underfull \hbox (badness 2635) in paragraph at lines 11--12
[]\OT1/ptm/m/n/12 Another benefit of SYFR was that it does not require any spec
ial
 []

) [39] (./chapters/publications.tex [40] [41]) (./chapters/bibliography.tex
Missing character: There is no ™ in font ptmr7t!

Underfull \hbox (badness 2717) in paragraph at lines 9--9
[][]\OT1/ptm/m/n/12 Bhadauria, Alok, Lavish K Singh, and Tapas Laha (2019). ``C
ombined
 []


Underfull \hbox (badness 2197) in paragraph at lines 9--9
\OT1/ptm/m/n/12 reinforcement on the mechanical properties of spark plasma sint
ered
 []

pdfTeX warning (ext4): destination with the same identifier (name{page.}) has b
een already used, duplicate ignored
<to be read again> 
                   \relax 
l.9 \printbibliography[]
                         [1

]
Underfull \hbox (badness 1286) in paragraph at lines 9--9
[][]\OT1/ptm/m/n/12 Bolotin, Kirill I et al. (2008). ``Ultrahigh electron mobil
ity in suspended
 []

pdfTeX warning (ext4): destination with the same identifier (name{page.}) has b
een already used, duplicate ignored
<to be read again> 
                   \relax 
l.9 \printbibliography[]
                         [2]
Underfull \hbox (badness 1147) in paragraph at lines 9--9
\OT1/ptm/m/n/12 properties of TiN-BN composites''. In: \OT1/ptm/m/it/12 Korean 
Journal of Metals and
 []


Underfull \hbox (badness 7397) in paragraph at lines 9--9
[][]\OT1/ptm/m/n/12 Chu, Ke et al. (2018c). ``Largely enhanced thermal conducti
vity of
 []

pdfTeX warning (ext4): destination with the same identifier (name{page.}) has b
een already used, duplicate ignored
<to be read again> 
                   \relax 
l.9 \printbibliography[]
                         [3]
Underfull \hbox (badness 4378) in paragraph at lines 9--9
[][]\OT1/ptm/m/n/12 Dutkiewicz, Jan et al. (2015). ``Microstructure and propert
ies of bulk
 []


Underfull \hbox (badness 1655) in paragraph at lines 9--9
\OT1/ptm/m/n/12 ``Microstructure and properties of BN/Ni-Cu composites fabricat
ed by
 []


Underfull \hbox (badness 1210) in paragraph at lines 9--9
[][]\OT1/ptm/m/n/12 Elkady, Omayma AM et al. (2015). ``Physico-mechanical and t
ribological
 []


Underfull \hbox (badness 3815) in paragraph at lines 9--9
\OT1/ptm/m/n/12 nickel matrix composites with enhanced mechanical properties''.
 In:
 []


Underfull \hbox (badness 4954) in paragraph at lines 9--9
[][]\OT1/ptm/m/n/12 Gautam, Chandkiram et al. (2018). ``Synthesis and 3D interc
onnected
 []


Underfull \hbox (badness 3815) in paragraph at lines 9--9
\OT1/ptm/m/n/12 nanostructured h-BN-based biocomposites by low-temperature plas
ma
 []

pdfTeX warning (ext4): destination with the same identifier (name{page.}) has b
een already used, duplicate ignored
<to be read again> 
                   \relax 
l.9 \printbibliography[]
                         [4]
Underfull \hbox (badness 2012) in paragraph at lines 9--9
[][]\OT1/ptm/m/n/12 Guo, Siyuan et al. (2020). ``In situ synthesis of high cont
ent graphene
 []


Underfull \hbox (badness 1742) in paragraph at lines 9--9
\OT1/ptm/m/n/12 nanoplatelets reinforced Cu matrix composites with enhanced the
rmal
 []


Underfull \hbox (badness 1867) in paragraph at lines 9--9
[][]\OT1/ptm/m/n/12 Hidalgo-Manrique, Paloma et al. (2017). ``Microstructure an
d mechanical
 []

pdfTeX warning (ext4): destination with the same identifier (name{page.}) has b
een already used, duplicate ignored
<to be read again> 
                   \relax 
l.9 \printbibliography[]
                         [5]
Underfull \hbox (badness 10000) in paragraph at lines 9--9
[][]\OT1/ptm/m/n/12 Huang,
 []

Missing character: There is no ” in font ptmr7t!

Underfull \hbox (badness 4060) in paragraph at lines 9--9
\OT1/ptm/m/n/12 photonic devices''. In: \OT1/ptm/m/it/12 Semiconductor Science 
and Technology \OT1/ptm/m/n/12 29.8,
 []


Underfull \hbox (badness 2856) in paragraph at lines 9--9
[][]\OT1/ptm/m/n/12 Jiang, Rongrong et al. (2016). ``Copper--graphene bulk comp
osites with
 []


Underfull \hbox (badness 4454) in paragraph at lines 9--9
[][]\OT1/ptm/m/n/12 Jo, Yongdeok et al. (2019). ``Tensile properties of three-d
imensionally
 []


Underfull \hbox (badness 2941) in paragraph at lines 9--9
\OT1/ptm/m/n/12 interconnected graphene-networked Cu composite and changes in i
ts
 []

pdfTeX warning (ext4): destination with the same identifier (name{page.}) has b
een already used, duplicate ignored
<to be read again> 
                   \relax 
l.9 \printbibliography[]
                         [6]
Underfull \hbox (badness 2237) in paragraph at lines 9--9
\OT1/ptm/m/n/12 as a potential electrocatalyst for the oxygen reduction reactio
n''. In:
 []

pdfTeX warning (ext4): destination with the same identifier (name{page.}) has b
een already used, duplicate ignored
<to be read again> 
                   \relax 
l.9 \printbibliography[]
                         [7]
Underfull \hbox (badness 3657) in paragraph at lines 9--9
[][]\OT1/ptm/m/n/12 Li, J.L. et al. (2015a). ``Microstructure and tensile prope
rties of bulk
 []

pdfTeX warning (ext4): destination with the same identifier (name{page.}) has b
een already used, duplicate ignored
<to be read again> 
                   \relax 
l.9 \printbibliography[]
                         [8]
Underfull \hbox (badness 4353) in paragraph at lines 9--9
[][]\OT1/ptm/m/n/12 Li, Xue, Terry Arthur Ring, and Byung-Sang Choi (2019). ``T
hermal
 []


Underfull \hbox (badness 1694) in paragraph at lines 9--9
\OT1/ptm/m/n/12 copper particles studied by laboratory diffraction contrast tom
ography
 []

pdfTeX warning (ext4): destination with the same identifier (name{page.}) has b
een already used, duplicate ignored
<to be read again> 
                   \relax 
l.9 \printbibliography[]
                         [9]
Underfull \hbox (badness 1127) in paragraph at lines 9--9
\OT1/ptm/m/n/12 reinforced metal matrix composites''. In: \OT1/ptm/m/it/12 Mate
rials and Manufacturing
 []


Underfull \hbox (badness 1057) in paragraph at lines 9--9
[][]\OT1/ptm/m/n/12 Neto, Antonio Castro, Francisco Guinea, and Nuno Miguel Per
es (2006).
 []

pdfTeX warning (ext4): destination with the same identifier (name{page.}) has b
een already used, duplicate ignored
<to be read again> 
                   \relax 
l.9 \printbibliography[]
                         [10]
Underfull \hbox (badness 1571) in paragraph at lines 9--9
\OT1/ptm/m/n/12 behavior of hexagonal boron nitride reinforced AA6061 metal mat
rix
 []


Underfull \hbox (badness 10000) in paragraph at lines 9--9
[][]\OT1/ptm/m/n/12 Shin, SE et al. (2015). ``Strengthening behavior of few-lay
ered
 []

pdfTeX warning (ext4): destination with the same identifier (name{page.}) has b
een already used, duplicate ignored
<to be read again> 
                   \relax 
l.9 \printbibliography[]
                         [11]
Underfull \hbox (badness 1715) in paragraph at lines 9--9
[][]\OT1/ptm/m/n/12 Shu, Rui et al. (2019). ``Synergetic effect of nano-carbon 
and HBN on
 []

pdfTeX warning (ext4): destination with the same identifier (name{page.}) has b
een already used, duplicate ignored
<to be read again> 
                   \relax 
l.9 \printbibliography[]
                         [12]
Underfull \hbox (badness 1968) in paragraph at lines 9--9
\OT1/ptm/m/n/12 composites by squeeze casting technology''. In: \OT1/ptm/m/it/1
2 Journal of Materials
 []


Underfull \hbox (badness 1533) in paragraph at lines 9--9
[][]\OT1/ptm/m/n/12 Wang, Zifeng et al. (2016). ``Fabrication of boron nitride 
nanosheets by
 []

pdfTeX warning (ext4): destination with the same identifier (name{page.}) has b
een already used, duplicate ignored
<to be read again> 
                   \relax 
l.9 \printbibliography[]
                         [13]pdfTeX warning (ext4): destination with the same i
dentifier (name{page.}) has been already used, duplicate ignored
<to be read again> 
                   \relax 
l.9 \printbibliography[]
                         [14]
Underfull \hbox (badness 1688) in paragraph at lines 9--9
[][]\OT1/ptm/m/n/12 Zhang, Xiang et al. (2020). ``A powder-metallurgy-based str
ategy toward
 []


Underfull \hbox (badness 1728) in paragraph at lines 9--9
\OT1/ptm/m/n/12 three-dimensional graphene-like network for reinforcing copper 
matrix
 []

))
Package atveryend Info: Empty hook `BeforeClearDocument' on input line 28.
pdfTeX warning (ext4): destination with the same identifier (name{page.}) has b
een already used, duplicate ignored
<to be read again> 
                   \relax 
l.28 \end{document}
                    [15]
Package atveryend Info: Empty hook `AfterLastShipout' on input line 28.
 (./main.aux)
Package atveryend Info: Executing hook `AtVeryEndDocument' on input line 28.
Package atveryend Info: Executing hook `AtEndAfterFileList' on input line 28.
Package rerunfilecheck Info: File `main.out' has not changed.
(rerunfilecheck)             Checksum: 0C73D99D88EAD79BCE355103181F8331;2710.


LaTeX Warning: There were undefined references.


LaTeX Warning: Label(s) may have changed. Rerun to get cross-references right.

Package atveryend Info: Empty hook `AtVeryVeryEnd' on input line 28.

Package biblatex Warning: Please (re)run BibTeX on the file(s):
(biblatex)                main
(biblatex)                and rerun LaTeX afterwards.

Package logreq Info: Writing requests to 'main.run.xml'.
\openout1 = `main.run.xml'.

 ) 
Here is how much of TeX's memory you used:
 22182 strings out of 481239
 395147 string characters out of 5920377
 1017951 words of memory out of 5000000
 36679 multiletter control sequences out of 15000+600000
 584834 words of font info for 159 fonts, out of 8000000 for 9000
 1144 hyphenation exceptions out of 8191
 55i,18n,81p,3210b,2835s stack positions out of 5000i,500n,10000p,200000b,80000s
{/usr/share/texlive/texmf-dist/fonts/enc/dvips/base/8r.enc}</usr/share/texliv
e/texmf-dist/fonts/type1/public/amsfonts/cm/cmmi10.pfb></usr/share/texlive/texm
f-dist/fonts/type1/public/amsfonts/cm/cmmi12.pfb></usr/share/texlive/texmf-dist
/fonts/type1/public/amsfonts/cm/cmr10.pfb></usr/share/texlive/texmf-dist/fonts/
type1/public/amsfonts/cm/cmss12.pfb></usr/share/texlive/texmf-dist/fonts/type1/
public/amsfonts/cm/cmss17.pfb></usr/share/texlive/texmf-dist/fonts/type1/public
/amsfonts/cm/cmsy10.pfb></usr/share/texlive/texmf-dist/fonts/type1/public/amsfo
nts/cm/cmtt12.pfb></usr/share/texlive/texmf-dist/fonts/type1/public/nanumtype1/
nanumgtmad.pfb></usr/share/texlive/texmf-dist/fonts/type1/public/nanumtype1/nan
umgtmae.pfb></usr/share/texlive/texmf-dist/fonts/type1/public/nanumtype1/nanumg
tmb1.pfb></usr/share/texlive/texmf-dist/fonts/type1/public/nanumtype1/nanumgtmb
8.pfb></usr/share/texlive/texmf-dist/fonts/type1/public/nanumtype1/nanumgtmbc.p
fb></usr/share/texlive/texmf-dist/fonts/type1/public/nanumtype1/nanumgtmc1.pfb>
</usr/share/texlive/texmf-dist/fonts/type1/public/nanumtype1/nanumgtmc2.pfb></u
sr/share/texlive/texmf-dist/fonts/type1/public/nanumtype1/nanumgtmc5.pfb></usr/
share/texlive/texmf-dist/fonts/type1/public/nanumtype1/nanumgtmc7.pfb></usr/sha
re/texlive/texmf-dist/fonts/type1/public/nanumtype1/nanumgtmc9.pfb></usr/share/
texlive/texmf-dist/fonts/type1/public/nanumtype1/nanumgtmd5.pfb></usr/share/tex
live/texmf-dist/fonts/type1/public/nanumtype1/nanumgtmd6.pfb></usr/share/texliv
e/texmf-dist/fonts/type1/public/nanumtype1/nanummjbae.pfb></usr/share/texlive/t
exmf-dist/fonts/type1/public/nanumtype1/nanummjbc5.pfb></usr/share/texlive/texm
f-dist/fonts/type1/public/nanumtype1/nanummjbc6.pfb></usr/share/texlive/texmf-d
ist/fonts/type1/public/nanumtype1/nanummjbd5.pfb></usr/share/texlive/texmf-dist
/fonts/type1/public/nanumtype1/nanummjmac.pfb></usr/share/texlive/texmf-dist/fo
nts/type1/public/nanumtype1/nanummjmad.pfb></usr/share/texlive/texmf-dist/fonts
/type1/public/nanumtype1/nanummjmae.pfb></usr/share/texlive/texmf-dist/fonts/ty
pe1/public/nanumtype1/nanummjmb0.pfb></usr/share/texlive/texmf-dist/fonts/type1
/public/nanumtype1/nanummjmb1.pfb></usr/share/texlive/texmf-dist/fonts/type1/pu
blic/nanumtype1/nanummjmb2.pfb></usr/share/texlive/texmf-dist/fonts/type1/publi
c/nanumtype1/nanummjmb3.pfb></usr/share/texlive/texmf-dist/fonts/type1/public/n
anumtype1/nanummjmb4.pfb></usr/share/texlive/texmf-dist/fonts/type1/public/nanu
mtype1/nanummjmb5.pfb></usr/share/texlive/texmf-dist/fonts/type1/public/nanumty
pe1/nanummjmb7.pfb></usr/share/texlive/texmf-dist/fonts/type1/public/nanumtype1
/nanummjmb8.pfb></usr/share/texlive/texmf-dist/fonts/type1/public/nanumtype1/na
nummjmb9.pfb></usr/share/texlive/texmf-dist/fonts/type1/public/nanumtype1/nanum
mjmba.pfb></usr/share/texlive/texmf-dist/fonts/type1/public/nanumtype1/nanummjm
bb.pfb></usr/share/texlive/texmf-dist/fonts/type1/public/nanumtype1/nanummjmbc.
pfb></usr/share/texlive/texmf-dist/fonts/type1/public/nanumtype1/nanummjmbd.pfb
></usr/share/texlive/texmf-dist/fonts/type1/public/nanumtype1/nanummjmbe.pfb></
usr/share/texlive/texmf-dist/fonts/type1/public/nanumtype1/nanummjmc0.pfb></usr
/share/texlive/texmf-dist/fonts/type1/public/nanumtype1/nanummjmc1.pfb></usr/sh
are/texlive/texmf-dist/fonts/type1/public/nanumtype1/nanummjmc2.pfb></usr/share
/texlive/texmf-dist/fonts/type1/public/nanumtype1/nanummjmc5.pfb></usr/share/te
xlive/texmf-dist/fonts/type1/public/nanumtype1/nanummjmc6.pfb></usr/share/texli
ve/texmf-dist/fonts/type1/public/nanumtype1/nanummjmc7.pfb></usr/share/texlive/
texmf-dist/fonts/type1/public/nanumtype1/nanummjmc8.pfb></usr/share/texlive/tex
mf-dist/fonts/type1/public/nanumtype1/nanummjmc9.pfb></usr/share/texlive/texmf-
dist/fonts/type1/public/nanumtype1/nanummjmcd.pfb></usr/share/texlive/texmf-dis
t/fonts/type1/public/nanumtype1/nanummjmce.pfb></usr/share/texlive/texmf-dist/f
onts/type1/public/nanumtype1/nanummjmd0.pfb></usr/share/texlive/texmf-dist/font
s/type1/public/nanumtype1/nanummjmd1.pfb></usr/share/texlive/texmf-dist/fonts/t
ype1/public/nanumtype1/nanummjmd4.pfb></usr/share/texlive/texmf-dist/fonts/type
1/public/nanumtype1/nanummjmd5.pfb></usr/share/texlive/texmf-dist/fonts/type1/p
ublic/nanumtype1/nanummjmd6.pfb></usr/share/texlive/texmf-dist/fonts/type1/uhc/
umj/umj01.pfb></usr/share/texlive/texmf-dist/fonts/type1/urw/symbol/usyr.pfb></
usr/share/texlive/texmf-dist/fonts/type1/urw/times/utmb8a.pfb></usr/share/texli
ve/texmf-dist/fonts/type1/urw/times/utmr8a.pfb></usr/share/texlive/texmf-dist/f
onts/type1/urw/times/utmri8a.pfb>
Output written on main.pdf (72 pages, 6838812 bytes).
PDF statistics:
 1260 PDF objects out of 1440 (max. 8388607)
 1080 compressed objects within 11 object streams
 238 named destinations out of 1000 (max. 500000)
 358 words of extra memory for PDF output out of 10000 (max. 10000000)

