\BOOKMARK [1][-]{section*.2}{LIST OF ABBREVIATIONS AND ACRONYMS}{}% 1
\BOOKMARK [1][-]{section*.4}{ABSTRACT}{}% 2
\BOOKMARK [1][-]{section*.5}{. . . .}{}% 3
\BOOKMARK [1][-]{section.1}{INTRODUCTION}{}% 4
\BOOKMARK [2][-]{subsection.1.1}{Hexagonal Boron Nitride and Graphene}{section.1}% 5
\BOOKMARK [2][-]{subsection.1.2}{2D Materials-based Metal Matrix Composites}{section.1}% 6
\BOOKMARK [2][-]{subsection.1.3}{Current Challenges for Fabricating 2D Materials-Based MMCs}{section.1}% 7
\BOOKMARK [2][-]{subsection.1.4}{Fabrication Methods}{section.1}% 8
\BOOKMARK [3][-]{subsubsection.1.4.1}{Mechanical Alloying \(MA\)}{subsection.1.4}% 9
\BOOKMARK [3][-]{subsubsection.1.4.2}{Semi Powder Metallurgy \(SPM\)}{subsection.1.4}% 10
\BOOKMARK [3][-]{subsubsection.1.4.3}{Molecular-level Mixing \(MLM\)}{subsection.1.4}% 11
\BOOKMARK [3][-]{subsubsection.1.4.4}{In-situ Growth}{subsection.1.4}% 12
\BOOKMARK [2][-]{subsection.1.5}{Applications of Gr/hBN in MMCs}{section.1}% 13
\BOOKMARK [3][-]{subsubsection.1.5.1}{Mechanical Properties}{subsection.1.5}% 14
\BOOKMARK [4][-]{paragraph.1.5.1.1}{Load Transfer}{subsubsection.1.5.1}% 15
\BOOKMARK [4][-]{paragraph.1.5.1.2}{Dislocation Strengthening}{subsubsection.1.5.1}% 16
\BOOKMARK [4][-]{paragraph.1.5.1.3}{Grain refinement}{subsubsection.1.5.1}% 17
\BOOKMARK [3][-]{subsubsection.1.5.2}{Thermal properties}{subsection.1.5}% 18
\BOOKMARK [3][-]{subsubsection.1.5.3}{Corrosion Properties}{subsection.1.5}% 19
\BOOKMARK [2][-]{subsection.1.6}{Summary}{section.1}% 20
\BOOKMARK [1][-]{section.2}{Synthesis of Three-Dimensionally Interconnected Hexagonal Boron Nitride Networked Cu-Ni Composite}{}% 21
\BOOKMARK [2][-]{subsection.2.1}{Introduction}{section.2}% 22
\BOOKMARK [2][-]{subsection.2.2}{Fabrication of 3Di-hBN CuNi Composite}{section.2}% 23
\BOOKMARK [3][-]{subsubsection.2.2.1}{Compaction of CuNi powders}{subsection.2.2}% 24
\BOOKMARK [3][-]{subsubsection.2.2.2}{Metal Organic Chemical Vapor Deposition}{subsection.2.2}% 25
\BOOKMARK [2][-]{subsection.2.3}{Characterization of 3Di hBN-CuNi Composites}{section.2}% 26
\BOOKMARK [3][-]{subsubsection.2.3.1}{Green and Composite Density}{subsection.2.3}% 27
\BOOKMARK [3][-]{subsubsection.2.3.2}{Microstructural Characterization}{subsection.2.3}% 28
\BOOKMARK [3][-]{subsubsection.2.3.3}{Mechanism of hBN Formation at Grain Boundaries}{subsection.2.3}% 29
\BOOKMARK [2][-]{subsection.2.4}{Optimal Conditions of Constructing 3Di-hBN in 3Di hBN-CuNi composite}{section.2}% 30
\BOOKMARK [2][-]{subsection.2.5}{Microstructural Investigation}{section.2}% 31
\BOOKMARK [1][-]{section.3}{SUMMARY AND CONCLUSIONS}{}% 32
\BOOKMARK [1][-]{section*.23}{PUBLICATIONS}{}% 33
\BOOKMARK [1][-]{Item.10}{BIBLIOGRAPHY}{}% 34
